<?xml version="1.0" encoding="UTF-8"?>
<!-- Generated by org.testng.reporters.JUnitReportReporter -->
<testsuite ignored="0" hostname="DESKTOP-P3UI8ML" failures="0" tests="1" name="testcases.Tc_001" time="26.453" errors="0" timestamp="05 Aug 2021 10:40:03 GMT" skipped="0">
  <testcase classname="testcases.Tc_001" name="testcase1" time="26.453"/>
</testsuite> <!-- testcases.Tc_001 -->
